<?xml version="1.0" encoding="UTF-8"?>
<!-- Generated by org.testng.reporters.JUnitXMLReporter -->
<testsuite hostname="DESKTOP-3RC8F4S" name="Regression1" tests="2" failures="2" timestamp="24 Apr 2016 20:51:24 GMT" time="7.102" errors="0">
  <testcase name="testConnectionAvailable" time="0.029" classname="org.vinylpi.tests.unittests.StatPageTest">
    <failure type="java.lang.AssertionError" message="Connection not available expected [true] but found [false]">
      <![CDATA[java.lang.AssertionError: Connection not available expected [true] but found [false]
	at org.vinylpi.tests.unittests.StatPageTest.testConnectionAvailable(StatPageTest.java:29)
... Removed 27 stack frames]]>
    </failure>
  </testcase> <!-- testConnectionAvailable -->
  <testcase name="testStreamAvailable" time="0.032" classname="org.vinylpi.tests.unittests.StatPageTest">
    <failure type="java.lang.AssertionError" message="Stream not available expected [true] but found [false]">
      <![CDATA[java.lang.AssertionError: Stream not available expected [true] but found [false]
	at org.vinylpi.tests.unittests.StatPageTest.testStreamAvailable(StatPageTest.java:23)
... Removed 27 stack frames]]>
    </failure>
  </testcase> <!-- testStreamAvailable -->
</testsuite> <!-- Regression1 -->
